PROGASST.c(55): Error! E1026: Invalid declarator
PROGASST.c(55): Error! E1009: Expecting ';' but found '0x1B'
PROGASST.c(55): Error! E1061: Expecting data or function declaration, but found '='
PROGASST.c(55): Error! E1026: Invalid declarator
PROGASST.c(55): Error! E1009: Expecting ';' but found '0'
PROGASST.c(97): Error! E1054: Expression must be constant
PROGASST.c(97): Error! E1009: Expecting '}' but found '0'
PROGASST.c(98): Error! E1009: Expecting ';' but found '}'
PROGASST.c(294): Error! E1011: Symbol 'trm_modes' has not been declared
PROGASST.c(294): Error! E1009: Expecting ';' but found 'data'
PROGASST.c(295): Error! E1077: Missing '}'
PROGASST.c(295): Warning! W107: Missing return value for function 'getTrmParms'
PROGASST.c(297): Error! E1129: Type does not agree with previous definition of '__pib'
PROGASST.c(297): Error! E1009: Expecting ';' but found '->'
PROGASST.c(298): Error! E1129: Type does not agree with previous definition of '__pib'
PROGASST.c(298): Error! E1009: Expecting ';' but found '->'
PROGASST.c(299): Error! E1129: Type does not agree with previous definition of '__pib'
PROGASST.c(299): Error! E1009: Expecting ';' but found '->'
PROGASST.c(300): Error! E1129: Type does not agree with previous definition of '__pib'
PROGASST.c(300): Error! E1009: Expecting ';' but found '->'
PROGASST.c(303): Error! E1129: Type does not agree with previous definition of '__pib'
PROGASST.c(303): Error! E1147: Too many errors: compilation aborted
