FIXDRIVEF.c(130): Error! E1127: Type required in parameter list
FIXDRIVEF.c(130): Error! E1022: Missing or misspelled data type near 'XCLDLIST'
FIXDRIVEF.c(132): Error! E1151: Parameter count does not agree with previous definition
FIXDRIVEF.c(132): Error! E1151: Parameter count does not agree with previous definition
FIXDRIVEF.c(136): Error! E1011: Symbol 'XCLDLIST' has not been declared
FIXDRIVEF.c(136): Error! E1011: Symbol 'xpnt' has not been declared
FIXDRIVEF.c(136): Warning! W111: Meaningless use of an expression
FIXDRIVEF.c(137): Error! E1063: Missing operand
FIXDRIVEF.c(137): Warning! W111: Meaningless use of an expression
FIXDRIVEF.c(137): Error! E1009: Expecting ';' but found 'char'
FIXDRIVEF.c(137): Error! E1011: Symbol 'ptr' has not been declared
FIXDRIVEF.c(137): Error! E1029: Expression must be 'pointer to ...'
FIXDRIVEF.c(137): Warning! W111: Meaningless use of an expression
FIXDRIVEF.c(138): Error! E1063: Missing operand
FIXDRIVEF.c(138): Warning! W111: Meaningless use of an expression
FIXDRIVEF.c(138): Error! E1009: Expecting ';' but found 'char'
FIXDRIVEF.c(138): Error! E1011: Symbol 'dst' has not been declared
FIXDRIVEF.c(138): Error! E1029: Expression must be 'pointer to ...'
FIXDRIVEF.c(138): Warning! W111: Meaningless use of an expression
FIXDRIVEF.c(139): Error! E1063: Missing operand
FIXDRIVEF.c(139): Warning! W111: Meaningless use of an expression
FIXDRIVEF.c(139): Error! E1009: Expecting ';' but found 'char'
FIXDRIVEF.c(139): Error! E1011: Symbol 'more' has not been declared
FIXDRIVEF.c(154): Warning! W102: Type mismatch
FIXDRIVEF.c(158): Error! E1045: Subscript on non-array
FIXDRIVEF.c(158): Error! E1045: Subscript on non-array
FIXDRIVEF.c(162): Warning! W102: Type mismatch
FIXDRIVEF.c(163): Error! E1029: Expression must be 'pointer to ...'
FIXDRIVEF.c(165): Error! E1147: Too many errors: compilation aborted
